[debug] [2022-12-22T23:11:57.914Z] ----------------------------------------------------------------------
[debug] [2022-12-22T23:11:57.916Z] Command:       C:\Program Files\nodejs\node.exe C:\Users\fer92\AppData\Roaming\npm\node_modules\firebase-tools\lib\bin\firebase.js init
[debug] [2022-12-22T23:11:57.916Z] CLI Version:   11.19.0
[debug] [2022-12-22T23:11:57.917Z] Platform:      win32
[debug] [2022-12-22T23:11:57.917Z] Node Version:  v18.9.0
[debug] [2022-12-22T23:11:57.918Z] Time:          Thu Dec 22 2022 18:11:57 GMT-0500 (hora estándar de Colombia)
[debug] [2022-12-22T23:11:57.918Z] ----------------------------------------------------------------------
[debug] 
[debug] [2022-12-22T23:11:57.927Z] > command requires scopes: ["email","openid","https://www.googleapis.com/auth/cloudplatformprojects.readonly","https://www.googleapis.com/auth/firebase","https://www.googleapis.com/auth/cloud-platform"]
[debug] [2022-12-22T23:11:57.928Z] > authorizing via signed-in user (djikkiluna@gmail.com)
[info] 
     ######## #### ########  ######## ########     ###     ######  ########
     ##        ##  ##     ## ##       ##     ##  ##   ##  ##       ##
     ######    ##  ########  ######   ########  #########  ######  ######
     ##        ##  ##    ##  ##       ##     ## ##     ##       ## ##
     ##       #### ##     ## ######## ########  ##     ##  ######  ########

You're about to initialize a Firebase project in this directory:

  C:\Users\fer92\Personal

[info] 
=== Project Setup
[info] 
[info] First, let's associate this project directory with a Firebase project.
[info] You can create multiple project aliases by running firebase use --add, 
[info] but for now we'll just set up a default project.
[info] 
[debug] [2022-12-22T23:12:28.681Z] >>> [apiv2][query] GET https://firebase.googleapis.com/v1beta1/projects pageSize=100
[debug] [2022-12-22T23:12:29.512Z] <<< [apiv2][status] GET https://firebase.googleapis.com/v1beta1/projects 200
[debug] [2022-12-22T23:12:29.513Z] <<< [apiv2][body] GET https://firebase.googleapis.com/v1beta1/projects [omitted]
[info] i  Using project mario-fernando-hoyos-luna-hv (mario fernando hoyos luna hv) 
[info] 
=== Hosting Setup
[info] 
[info] Your public directory is the folder (relative to your project directory) that
[info] will contain Hosting assets to be uploaded with firebase deploy. If you
[info] have a build process for your assets, use your build's output directory.
[info] 
[debug] [2022-12-22T23:12:46.768Z] >>> [apiv2][query] GET https://www.gstatic.com/firebasejs/releases.json [none]
[debug] [2022-12-22T23:12:47.277Z] <<< [apiv2][status] GET https://www.gstatic.com/firebasejs/releases.json 200
[debug] [2022-12-22T23:12:47.278Z] <<< [apiv2][body] GET https://www.gstatic.com/firebasejs/releases.json {"current":{"version":"9.15.0","browserURL":"https://www.gstatic.com/firebasejs/9.15.0/firebase.js","packageURL":"https://www.gstatic.com/firebasejs/9.15.0/firebase.tgz"},"live":{"version":"9.15","browserURL":"https://www.gstatic.com/firebasejs/live/9.15/firebase.js","packageURL":"https://www.gstatic.com/firebasejs/live/9.15/firebase.tgz"},"components":{"analytics":"https://www.gstatic.com/firebasejs/9.15.0/firebase-analytics.js","app":"https://www.gstatic.com/firebasejs/9.15.0/firebase-app.js","app-check":"https://www.gstatic.com/firebasejs/9.15.0/firebase-app-check.js","auth":"https://www.gstatic.com/firebasejs/9.15.0/firebase-auth.js","auth/cordova":"https://www.gstatic.com/firebasejs/9.15.0/firebase-auth/cordova.js","auth/react-native":"https://www.gstatic.com/firebasejs/9.15.0/firebase-auth/react-native.js","functions":"https://www.gstatic.com/firebasejs/9.15.0/firebase-functions.js","firestore":"https://www.gstatic.com/firebasejs/9.15.0/firebase-firestore.js","firestore/lite":"https://www.gstatic.com/firebasejs/9.15.0/firebase-firestore/lite.js","installations":"https://www.gstatic.com/firebasejs/9.15.0/firebase-installations.js","storage":"https://www.gstatic.com/firebasejs/9.15.0/firebase-storage.js","performance":"https://www.gstatic.com/firebasejs/9.15.0/firebase-performance.js","remote-config":"https://www.gstatic.com/firebasejs/9.15.0/firebase-remote-config.js","messaging":"https://www.gstatic.com/firebasejs/9.15.0/firebase-messaging.js","messaging/sw":"https://www.gstatic.com/firebasejs/9.15.0/firebase-messaging/sw.js","database":"https://www.gstatic.com/firebasejs/9.15.0/firebase-database.js","firestore.memory":"https://www.gstatic.com/firebasejs/9.15.0/firebase-firestore.memory.js"}}
[info] +  Wrote .//index.html 
[info] 
[info] i  Detected a .git folder at C:\Users\fer92 
[info] i  Authorizing with GitHub to upload your service account to a GitHub repository's secrets store. 
[info] 
[info] Visit this URL on this device to log in:
[info] https://github.com/login/oauth/authorize?client_id=89cf50f02ac6aaed3484&state=67383770&redirect_uri=http%3A%2F%2Flocalhost%3A9005&scope=read%3Auser%20repo%20public_repo
[info] 
[info] Waiting for authentication...
[debug] [2022-12-22T23:12:57.608Z] >>> [apiv2][query] POST https://github.com/login/oauth/access_token [none]
[debug] [2022-12-22T23:12:57.608Z] >>> [apiv2][body] POST https://github.com/login/oauth/access_token [stream]
[debug] [2022-12-22T23:12:58.336Z] <<< [apiv2][status] POST https://github.com/login/oauth/access_token 200
[debug] [2022-12-22T23:12:58.336Z] <<< [apiv2][body] POST https://github.com/login/oauth/access_token {"access_token":"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","token_type":"bearer","scope":"read:user,repo"}
[debug] [2022-12-22T23:12:58.349Z] >>> [apiv2][query] GET https://api.github.com/user [none]
[debug] [2022-12-22T23:12:58.814Z] <<< [apiv2][status] GET https://api.github.com/user 200
[debug] [2022-12-22T23:12:58.815Z] <<< [apiv2][body] GET https://api.github.com/user {"login":"mfhl","id":115662399,"node_id":"U_kgDOBuTePw","avatar_url":"https://avatars.githubusercontent.com/u/115662399?v=4","gravatar_id":"","url":"https://api.github.com/users/mfhl","html_url":"https://github.com/mfhl","followers_url":"https://api.github.com/users/mfhl/followers","following_url":"https://api.github.com/users/mfhl/following{/other_user}","gists_url":"https://api.github.com/users/mfhl/gists{/gist_id}","starred_url":"https://api.github.com/users/mfhl/starred{/owner}{/repo}","subscriptions_url":"https://api.github.com/users/mfhl/subscriptions","organizations_url":"https://api.github.com/users/mfhl/orgs","repos_url":"https://api.github.com/users/mfhl/repos","events_url":"https://api.github.com/users/mfhl/events{/privacy}","received_events_url":"https://api.github.com/users/mfhl/received_events","type":"User","site_admin":false,"name":"mario fernando hotos luna","company":null,"blog":"","location":null,"email":null,"hireable":null,"bio":null,"twitter_username":null,"public_repos":2,"public_gists":0,"followers":0,"following":0,"created_at":"2022-10-12T18:56:43Z","updated_at":"2022-12-22T23:12:57Z","private_gists":0,"total_private_repos":0,"owned_private_repos":0,"disk_usage":3457,"collaborators":0,"two_factor_authentication":false,"plan":{"name":"free","space":976562499,"collaborators":0,"private_repos":10000}}
[info] 
[info] +  Success! Logged into GitHub as mfhl 
[info] 
